<?xml version="1.0" encoding="UTF-8"?>
<testsuite xmlns:xsi="http://www.w3.org/2001/XMLSchema-instance" xsi:noNamespaceSchemaLocation="https://maven.apache.org/surefire/maven-surefire-plugin/xsd/surefire-test-report.xsd" name="com.probert999.romannumerals.RomanNumeralsTest" time="0.174" tests="20" errors="0" skipped="0" failures="0">
  <properties>
    <property name="java.specification.version" value="17"/>
    <property name="sun.cpu.isalist" value="amd64"/>
    <property name="sun.jnu.encoding" value="Cp1252"/>
    <property name="java.class.path" value="C:\paulr\TechReturners\RomanNumerals\target\test-classes;C:\paulr\TechReturners\RomanNumerals\target\classes;C:\Users\paulr_000\.m2\repository\org\junit\platform\junit-platform-runner\1.5.2\junit-platform-runner-1.5.2.jar;C:\Users\paulr_000\.m2\repository\junit\junit\4.12\junit-4.12.jar;C:\Users\paulr_000\.m2\repository\org\hamcrest\hamcrest-core\1.3\hamcrest-core-1.3.jar;C:\Users\paulr_000\.m2\repository\org\apiguardian\apiguardian-api\1.1.0\apiguardian-api-1.1.0.jar;C:\Users\paulr_000\.m2\repository\org\junit\platform\junit-platform-launcher\1.5.2\junit-platform-launcher-1.5.2.jar;C:\Users\paulr_000\.m2\repository\org\junit\platform\junit-platform-suite-api\1.5.2\junit-platform-suite-api-1.5.2.jar;C:\Users\paulr_000\.m2\repository\org\junit\jupiter\junit-jupiter-engine\5.8.2\junit-jupiter-engine-5.8.2.jar;C:\Users\paulr_000\.m2\repository\org\junit\platform\junit-platform-engine\1.8.2\junit-platform-engine-1.8.2.jar;C:\Users\paulr_000\.m2\repository\org\opentest4j\opentest4j\1.2.0\opentest4j-1.2.0.jar;C:\Users\paulr_000\.m2\repository\org\junit\platform\junit-platform-commons\1.8.2\junit-platform-commons-1.8.2.jar;C:\Users\paulr_000\.m2\repository\org\junit\jupiter\junit-jupiter-api\5.8.2\junit-jupiter-api-5.8.2.jar;C:\Users\paulr_000\.m2\repository\org\junit\jupiter\junit-jupiter-params\5.8.2\junit-jupiter-params-5.8.2.jar;"/>
    <property name="java.vm.vendor" value="Oracle Corporation"/>
    <property name="sun.arch.data.model" value="64"/>
    <property name="user.variant" value=""/>
    <property name="java.vendor.url" value="https://java.oracle.com/"/>
    <property name="user.timezone" value="Europe/London"/>
    <property name="os.name" value="Windows 8.1"/>
    <property name="java.vm.specification.version" value="17"/>
    <property name="sun.java.launcher" value="SUN_STANDARD"/>
    <property name="user.country" value="GB"/>
    <property name="sun.boot.library.path" value="C:\users\paulr_000\.jdks\openjdk-17.0.1\bin"/>
    <property name="sun.java.command" value="C:\Users\PAULR_~1\AppData\Local\Temp\surefire11546608622510008607\surefirebooter7205835286790138437.jar C:\Users\paulr_000\AppData\Local\Temp\surefire11546608622510008607 2022-01-18T17-23-39_387-jvmRun1 surefire11031680515764223570tmp surefire_08977528610260355706tmp"/>
    <property name="jdk.debug" value="release"/>
    <property name="surefire.test.class.path" value="C:\paulr\TechReturners\RomanNumerals\target\test-classes;C:\paulr\TechReturners\RomanNumerals\target\classes;C:\Users\paulr_000\.m2\repository\org\junit\platform\junit-platform-runner\1.5.2\junit-platform-runner-1.5.2.jar;C:\Users\paulr_000\.m2\repository\junit\junit\4.12\junit-4.12.jar;C:\Users\paulr_000\.m2\repository\org\hamcrest\hamcrest-core\1.3\hamcrest-core-1.3.jar;C:\Users\paulr_000\.m2\repository\org\apiguardian\apiguardian-api\1.1.0\apiguardian-api-1.1.0.jar;C:\Users\paulr_000\.m2\repository\org\junit\platform\junit-platform-launcher\1.5.2\junit-platform-launcher-1.5.2.jar;C:\Users\paulr_000\.m2\repository\org\junit\platform\junit-platform-suite-api\1.5.2\junit-platform-suite-api-1.5.2.jar;C:\Users\paulr_000\.m2\repository\org\junit\jupiter\junit-jupiter-engine\5.8.2\junit-jupiter-engine-5.8.2.jar;C:\Users\paulr_000\.m2\repository\org\junit\platform\junit-platform-engine\1.8.2\junit-platform-engine-1.8.2.jar;C:\Users\paulr_000\.m2\repository\org\opentest4j\opentest4j\1.2.0\opentest4j-1.2.0.jar;C:\Users\paulr_000\.m2\repository\org\junit\platform\junit-platform-commons\1.8.2\junit-platform-commons-1.8.2.jar;C:\Users\paulr_000\.m2\repository\org\junit\jupiter\junit-jupiter-api\5.8.2\junit-jupiter-api-5.8.2.jar;C:\Users\paulr_000\.m2\repository\org\junit\jupiter\junit-jupiter-params\5.8.2\junit-jupiter-params-5.8.2.jar;"/>
    <property name="sun.cpu.endian" value="little"/>
    <property name="user.home" value="C:\Users\paulr_000"/>
    <property name="user.language" value="en"/>
    <property name="java.specification.vendor" value="Oracle Corporation"/>
    <property name="java.version.date" value="2021-10-19"/>
    <property name="java.home" value="C:\users\paulr_000\.jdks\openjdk-17.0.1"/>
    <property name="file.separator" value="\"/>
    <property name="basedir" value="C:\paulr\TechReturners\RomanNumerals"/>
    <property name="java.vm.compressedOopsMode" value="Zero based"/>
    <property name="line.separator" value="&#10;"/>
    <property name="java.vm.specification.vendor" value="Oracle Corporation"/>
    <property name="java.specification.name" value="Java Platform API Specification"/>
    <property name="surefire.real.class.path" value="C:\Users\PAULR_~1\AppData\Local\Temp\surefire11546608622510008607\surefirebooter7205835286790138437.jar"/>
    <property name="user.script" value=""/>
    <property name="sun.management.compiler" value="HotSpot 64-Bit Tiered Compilers"/>
    <property name="java.runtime.version" value="17.0.1+12-39"/>
    <property name="user.name" value="Paul"/>
    <property name="path.separator" value=";"/>
    <property name="os.version" value="6.3"/>
    <property name="java.runtime.name" value="OpenJDK Runtime Environment"/>
    <property name="file.encoding" value="Cp1252"/>
    <property name="java.vm.name" value="OpenJDK 64-Bit Server VM"/>
    <property name="localRepository" value="C:\Users\paulr_000\.m2\repository"/>
    <property name="java.vendor.url.bug" value="https://bugreport.java.com/bugreport/"/>
    <property name="java.io.tmpdir" value="C:\Users\PAULR_~1\AppData\Local\Temp\"/>
    <property name="java.version" value="17.0.1"/>
    <property name="user.dir" value="C:\paulr\TechReturners\RomanNumerals"/>
    <property name="os.arch" value="amd64"/>
    <property name="java.vm.specification.name" value="Java Virtual Machine Specification"/>
    <property name="sun.os.patch.level" value=""/>
    <property name="native.encoding" value="Cp1252"/>
    <property name="java.library.path" value="C:\users\paulr_000\.jdks\openjdk-17.0.1\bin;C:\Windows\Sun\Java\bin;C:\Windows\system32;C:\Windows;C:\Users\paulr_000\bin;C:\Program Files\Git\mingw64\bin;C:\Program Files\Git\usr\local\bin;C:\Program Files\Git\usr\bin;C:\Program Files\Git\usr\bin;C:\Program Files\Git\mingw64\bin;C:\Program Files\Git\usr\bin;C:\Users\paulr_000\bin;C:\users\paulr_000\.jdks\openjdk-17.0.1\bin;C:\Program Files\Common Files\Oracle\Java\javapath;C:\Program Files (x86)\Common Files\Oracle\Java\javapath;C:\ProgramData\Oracle\Java\javapath;C:\Program Files (x86)\Intel\iCLS Client;C:\Program Files\Intel\iCLS Client;C:\Windows\system32;C:\Windows;C:\Windows\System32\Wbem;C:\Windows\System32\WindowsPowerShell\v1.0;C:\Program Files (x86)\Windows Live\Shared;C:\Program Files\Intel\Intel(R) Management Engine Components\DAL;C:\Program Files\Intel\Intel(R) Management Engine Components\IPT;C:\Program Files (x86)\Intel\Intel(R) Management Engine Components\DAL;C:\Program Files (x86)\Intel\Intel(R) Management Engine Components\IPT;C:\Program Files\PuTTY;C:\Program Files\Amazon\AWSCLI\bin;C:\FPC\3.2.2\bin\i386-Win32;C:\Program Files\Git\cmd;C:\Program Files\maven\apache-maven-3.8.4\bin;C:\Users\paulr_000\AppData\Local\Programs\Python\Python39\Scripts;C:\Users\paulr_000\AppData\Local\Programs\Python\Python39;C:\Program Files\JetBrains\IntelliJ IDEA Community Edition 2021.3\bin;C:\Program Files\Git\usr\bin\vendor_perl;C:\Program Files\Git\usr\bin\core_perl;."/>
    <property name="java.vm.info" value="mixed mode, sharing"/>
    <property name="java.vendor" value="Oracle Corporation"/>
    <property name="java.vm.version" value="17.0.1+12-39"/>
    <property name="sun.io.unicode.encoding" value="UnicodeLittle"/>
    <property name="java.class.version" value="61.0"/>
  </properties>
  <testcase name="shouldReturnOtherPreDefinedRomanNumerals{RomanNumeralsEnum}[1]" classname="com.probert999.romannumerals.RomanNumeralsTest" time="0.05"/>
  <testcase name="shouldReturnOtherPreDefinedRomanNumerals{RomanNumeralsEnum}[2]" classname="com.probert999.romannumerals.RomanNumeralsTest" time="0.001"/>
  <testcase name="shouldReturnOtherPreDefinedRomanNumerals{RomanNumeralsEnum}[3]" classname="com.probert999.romannumerals.RomanNumeralsTest" time="0.001"/>
  <testcase name="shouldReturnOtherPreDefinedRomanNumerals{RomanNumeralsEnum}[4]" classname="com.probert999.romannumerals.RomanNumeralsTest" time="0.001"/>
  <testcase name="shouldReturnOtherPreDefinedRomanNumerals{RomanNumeralsEnum}[5]" classname="com.probert999.romannumerals.RomanNumeralsTest" time="0"/>
  <testcase name="shouldReturnOtherPreDefinedRomanNumerals{RomanNumeralsEnum}[6]" classname="com.probert999.romannumerals.RomanNumeralsTest" time="0.001"/>
  <testcase name="shouldReturnCorrectNumeralDefinedInTestData{int, String}[1]" classname="com.probert999.romannumerals.RomanNumeralsTest" time="0.001"/>
  <testcase name="shouldReturnCorrectNumeralDefinedInTestData{int, String}[2]" classname="com.probert999.romannumerals.RomanNumeralsTest" time="0.001"/>
  <testcase name="shouldReturnCorrectNumeralDefinedInTestData{int, String}[3]" classname="com.probert999.romannumerals.RomanNumeralsTest" time="0.001"/>
  <testcase name="shouldReturnCorrectNumeralDefinedInTestData{int, String}[4]" classname="com.probert999.romannumerals.RomanNumeralsTest" time="0.001"/>
  <testcase name="shouldReturnCorrectNumeralDefinedInTestData{int, String}[5]" classname="com.probert999.romannumerals.RomanNumeralsTest" time="0.001"/>
  <testcase name="shouldReturnCorrectNumeralDefinedInTestData{int, String}[6]" classname="com.probert999.romannumerals.RomanNumeralsTest" time="0.001"/>
  <testcase name="shouldReturnSingleRomanNumerals{RomanNumeralsEnum}[1]" classname="com.probert999.romannumerals.RomanNumeralsTest" time="0.001"/>
  <testcase name="shouldReturnSingleRomanNumerals{RomanNumeralsEnum}[2]" classname="com.probert999.romannumerals.RomanNumeralsTest" time="0"/>
  <testcase name="shouldReturnSingleRomanNumerals{RomanNumeralsEnum}[3]" classname="com.probert999.romannumerals.RomanNumeralsTest" time="0"/>
  <testcase name="shouldReturnSingleRomanNumerals{RomanNumeralsEnum}[4]" classname="com.probert999.romannumerals.RomanNumeralsTest" time="0"/>
  <testcase name="shouldReturnSingleRomanNumerals{RomanNumeralsEnum}[5]" classname="com.probert999.romannumerals.RomanNumeralsTest" time="0.001"/>
  <testcase name="shouldReturnSingleRomanNumerals{RomanNumeralsEnum}[6]" classname="com.probert999.romannumerals.RomanNumeralsTest" time="0"/>
  <testcase name="shouldReturnSingleRomanNumerals{RomanNumeralsEnum}[7]" classname="com.probert999.romannumerals.RomanNumeralsTest" time="0.001"/>
  <testcase name="shouldReturnRomanNumeralIForDecimalOne" classname="com.probert999.romannumerals.RomanNumeralsTest" time="0.002"/>
</testsuite>